<?xml version='1.0' encoding='UTF-8'?>
<result>
  <suites>
    <suite>
      <file>/var/lib/jenkins/jobs/Rock_Paper_Scissors_Drupal/workspace/build/reports/phpunit/junit/junit.xml</file>
      <name>RPSNewControllerBaseClassTest</name>
      <duration>0.0063790004</duration>
      <cases>
        <case>
          <duration>0.002612</duration>
          <className>RPSNewControllerBaseClassTest</className>
          <testName>testControllerBaseInstantiates</testName>
          <skipped>false</skipped>
          <failedSince>0</failedSince>
        </case>
        <case>
          <duration>7.67E-4</duration>
          <className>RPSNewControllerBaseClassTest</className>
          <testName>testControllerBaseHasContentProperty</testName>
          <skipped>false</skipped>
          <failedSince>0</failedSince>
        </case>
        <case>
          <duration>0.001143</duration>
          <className>RPSNewControllerBaseClassTest</className>
          <testName>testControllerBaseHasContentPropertyWithEmptyArrayValueOnInstantiation</testName>
          <skipped>false</skipped>
          <failedSince>0</failedSince>
        </case>
        <case>
          <duration>0.001107</duration>
          <className>RPSNewControllerBaseClassTest</className>
          <testName>testControllerBaseSetsDrupalHelperPropertyWhenNoParamGiven</testName>
          <skipped>false</skipped>
          <failedSince>0</failedSince>
        </case>
        <case>
          <duration>7.5E-4</duration>
          <className>RPSNewControllerBaseClassTest</className>
          <testName>testControllerBaseSetsDrupalHelperPropertyToCorrectClassWhenNoParamGiven</testName>
          <skipped>false</skipped>
          <failedSince>0</failedSince>
        </case>
      </cases>
    </suite>
    <suite>
      <file>/var/lib/jenkins/jobs/Rock_Paper_Scissors_Drupal/workspace/build/reports/phpunit/junit/junit.xml</file>
      <name>RPSNewControllerGameClassTest</name>
      <duration>0.008056</duration>
      <cases>
        <case>
          <duration>0.001183</duration>
          <className>RPSNewControllerGameClassTest</className>
          <testName>testExecuteReturnsAValue</testName>
          <skipped>false</skipped>
          <failedSince>0</failedSince>
        </case>
        <case>
          <duration>8.01E-4</duration>
          <className>RPSNewControllerGameClassTest</className>
          <testName>testExecuteReturnsAnArray</testName>
          <skipped>false</skipped>
          <failedSince>0</failedSince>
        </case>
        <case>
          <duration>7.98E-4</duration>
          <className>RPSNewControllerGameClassTest</className>
          <testName>testExecuteReturnsAnArrayWithGameIntroViewWhenActionIsHome</testName>
          <skipped>false</skipped>
          <failedSince>0</failedSince>
        </case>
        <case>
          <duration>8.07E-4</duration>
          <className>RPSNewControllerGameClassTest</className>
          <testName>testExecuteReturnsAnArrayWithGameChoosePlayersViewWhenActionIsGameChoosePlayers</testName>
          <skipped>false</skipped>
          <failedSince>0</failedSince>
        </case>
        <case>
          <duration>7.82E-4</duration>
          <className>RPSNewControllerGameClassTest</className>
          <testName>testExecuteReturnsAnArrayWithGameIntroWhenActionIsNotHomeOrChoosePlayers</testName>
          <skipped>false</skipped>
          <failedSince>0</failedSince>
        </case>
        <case>
          <duration>9.42E-4</duration>
          <className>RPSNewControllerGameClassTest</className>
          <testName>testExecuteReturnsAnArrayWithGameCompleteWhenActionIsChoosePlayersAndRunIsSet</testName>
          <skipped>false</skipped>
          <failedSince>0</failedSince>
        </case>
        <case>
          <duration>7.84E-4</duration>
          <className>RPSNewControllerGameClassTest</className>
          <testName>testGetRandomPlayerChoiceReturnsValue</testName>
          <skipped>false</skipped>
          <failedSince>0</failedSince>
        </case>
        <case>
          <duration>7.59E-4</duration>
          <className>RPSNewControllerGameClassTest</className>
          <testName>testGetRandomPlayerChoiceReturnsValueOfCorrectType</testName>
          <skipped>false</skipped>
          <failedSince>0</failedSince>
        </case>
        <case>
          <duration>0.0012</duration>
          <className>RPSNewControllerGameClassTest</className>
          <testName>testCalculateWinner</testName>
          <skipped>false</skipped>
          <failedSince>0</failedSince>
        </case>
      </cases>
    </suite>
    <suite>
      <file>/var/lib/jenkins/jobs/Rock_Paper_Scissors_Drupal/workspace/build/reports/phpunit/junit/junit.xml</file>
      <name>RPSNewControllerPageClassTest</name>
      <duration>0.0040889997</duration>
      <cases>
        <case>
          <duration>0.00102</duration>
          <className>RPSNewControllerPageClassTest</className>
          <testName>testObjectInstantiation</testName>
          <skipped>false</skipped>
          <failedSince>0</failedSince>
        </case>
        <case>
          <duration>0.001386</duration>
          <className>RPSNewControllerPageClassTest</className>
          <testName>testExecuteReturnsAValue</testName>
          <skipped>false</skipped>
          <failedSince>0</failedSince>
        </case>
        <case>
          <duration>8.17E-4</duration>
          <className>RPSNewControllerPageClassTest</className>
          <testName>testExecuteReturnsAnArray</testName>
          <skipped>false</skipped>
          <failedSince>0</failedSince>
        </case>
        <case>
          <duration>8.66E-4</duration>
          <className>RPSNewControllerPageClassTest</className>
          <testName>testExecuteReturnsAnArrayWithStandardPageViewWhenActionIsHi</testName>
          <skipped>false</skipped>
          <failedSince>0</failedSince>
        </case>
      </cases>
    </suite>
    <suite>
      <file>/var/lib/jenkins/jobs/Rock_Paper_Scissors_Drupal/workspace/build/reports/phpunit/junit/junit.xml</file>
      <name>RPSNewCoreControlClassTest</name>
      <duration>0.001863</duration>
      <cases>
        <case>
          <duration>0.00106</duration>
          <className>RPSNewCoreControlClassTest</className>
          <testName>testexecuteControlReturnsAnArray</testName>
          <skipped>false</skipped>
          <failedSince>0</failedSince>
        </case>
        <case>
          <duration>8.03E-4</duration>
          <className>RPSNewCoreControlClassTest</className>
          <testName>testexecuteControlReturnsAnArrayOfCorrectStructure</testName>
          <skipped>false</skipped>
          <failedSince>0</failedSince>
        </case>
      </cases>
    </suite>
    <suite>
      <file>/var/lib/jenkins/jobs/Rock_Paper_Scissors_Drupal/workspace/build/reports/phpunit/junit/junit.xml</file>
      <name>RPSNewCoreDrupalHelperClassTest</name>
      <duration>0.001557</duration>
      <cases>
        <case>
          <duration>7.74E-4</duration>
          <className>RPSNewCoreDrupalHelperClassTest</className>
          <testName>testGetFuncWillExecuteALoadedFunction</testName>
          <skipped>false</skipped>
          <failedSince>0</failedSince>
        </case>
        <case>
          <duration>7.83E-4</duration>
          <className>RPSNewCoreDrupalHelperClassTest</className>
          <testName>testGetFuncWillExecuteALoadedFunctionAndReturnACorrectValue</testName>
          <skipped>false</skipped>
          <failedSince>0</failedSince>
        </case>
      </cases>
    </suite>
    <suite>
      <file>/var/lib/jenkins/jobs/Rock_Paper_Scissors_Drupal/workspace/build/reports/phpunit/junit/junit.xml</file>
      <name>RPSNewCoreRouterClassTest</name>
      <duration>0.012119999</duration>
      <cases>
        <case>
          <duration>0.001145</duration>
          <className>RPSNewCoreRouterClassTest</className>
          <testName>testrouterObjectInstantiates</testName>
          <skipped>false</skipped>
          <failedSince>0</failedSince>
        </case>
        <case>
          <duration>7.9E-4</duration>
          <className>RPSNewCoreRouterClassTest</className>
          <testName>testrunReturnsAnArray</testName>
          <skipped>false</skipped>
          <failedSince>0</failedSince>
        </case>
        <case>
          <duration>8.05E-4</duration>
          <className>RPSNewCoreRouterClassTest</className>
          <testName>testrunReturnsAnArrayWithControlKey</testName>
          <skipped>false</skipped>
          <failedSince>0</failedSince>
        </case>
        <case>
          <duration>7.65E-4</duration>
          <className>RPSNewCoreRouterClassTest</className>
          <testName>testrunReturnsAnArrayWithActionKey</testName>
          <skipped>false</skipped>
          <failedSince>0</failedSince>
        </case>
        <case>
          <duration>7.48E-4</duration>
          <className>RPSNewCoreRouterClassTest</className>
          <testName>testrunReturnsAnArrayWithOnlyTwoKeys</testName>
          <skipped>false</skipped>
          <failedSince>0</failedSince>
        </case>
        <case>
          <duration>9.75E-4</duration>
          <className>RPSNewCoreRouterClassTest</className>
          <testName>testmodelRouteIsAnObjectOfClassModelRouter</testName>
          <skipped>false</skipped>
          <failedSince>0</failedSince>
        </case>
        <case>
          <duration>0.00115</duration>
          <className>RPSNewCoreRouterClassTest</className>
          <testName>testrouterObjectHasAttributes</testName>
          <skipped>false</skipped>
          <failedSince>0</failedSince>
        </case>
        <case>
          <duration>7.65E-4</duration>
          <className>RPSNewCoreRouterClassTest</className>
          <testName>testrouterObjectHasAvailableRoutesAttributeOfArrayType</testName>
          <skipped>false</skipped>
          <failedSince>0</failedSince>
        </case>
        <case>
          <duration>7.83E-4</duration>
          <className>RPSNewCoreRouterClassTest</className>
          <testName>testsetRouteControllerSetsDefaulControlWithHappyDefaultRequest</testName>
          <skipped>false</skipped>
          <failedSince>0</failedSince>
        </case>
        <case>
          <duration>7.87E-4</duration>
          <className>RPSNewCoreRouterClassTest</className>
          <testName>testsetRouteControllerSetsNonDefaultWithHappyNonDefaultRequest</testName>
          <skipped>false</skipped>
          <failedSince>0</failedSince>
        </case>
        <case>
          <duration>7.83E-4</duration>
          <className>RPSNewCoreRouterClassTest</className>
          <testName>testsetRouteControllerSetsDefaultWithSadRequest</testName>
          <skipped>false</skipped>
          <failedSince>0</failedSince>
        </case>
        <case>
          <duration>8.12E-4</duration>
          <className>RPSNewCoreRouterClassTest</className>
          <testName>testsetRouteActionSetsDefaulActionWithHappyDefaultRequest</testName>
          <skipped>false</skipped>
          <failedSince>0</failedSince>
        </case>
        <case>
          <duration>9.95E-4</duration>
          <className>RPSNewCoreRouterClassTest</className>
          <testName>testsetRouteActionSetsNonDefaultWithHappyNonDefaultRequest</testName>
          <skipped>false</skipped>
          <failedSince>0</failedSince>
        </case>
        <case>
          <duration>8.17E-4</duration>
          <className>RPSNewCoreRouterClassTest</className>
          <testName>testsetRouteActionSetsDefaultWithSadRequest</testName>
          <skipped>false</skipped>
          <failedSince>0</failedSince>
        </case>
      </cases>
    </suite>
    <suite>
      <file>/var/lib/jenkins/jobs/Rock_Paper_Scissors_Drupal/workspace/build/reports/phpunit/junit/junit.xml</file>
      <name>RPSNewCoreViewClassTest</name>
      <duration>0.001705</duration>
      <cases>
        <case>
          <duration>0.001705</duration>
          <className>RPSNewCoreViewClassTest</className>
          <testName>testexecuteViewRendersString</testName>
          <skipped>false</skipped>
          <failedSince>0</failedSince>
        </case>
      </cases>
    </suite>
    <suite>
      <file>/var/lib/jenkins/jobs/Rock_Paper_Scissors_Drupal/workspace/build/reports/phpunit/junit/junit.xml</file>
      <name>RPSNewModelFullCVPageClassTest</name>
      <duration>0.009591</duration>
      <cases>
        <case>
          <duration>0.001025</duration>
          <className>RPSNewModelFullCVPageClassTest</className>
          <testName>testObjectInstantiation</testName>
          <skipped>false</skipped>
          <failedSince>0</failedSince>
        </case>
        <case>
          <duration>7.85E-4</duration>
          <className>RPSNewModelFullCVPageClassTest</className>
          <testName>testSetTitleSetsTitleProperty</testName>
          <skipped>false</skipped>
          <failedSince>0</failedSince>
        </case>
        <case>
          <duration>8.13E-4</duration>
          <className>RPSNewModelFullCVPageClassTest</className>
          <testName>testSetTitleSetsTitlePropertyToString</testName>
          <skipped>false</skipped>
          <failedSince>0</failedSince>
        </case>
        <case>
          <duration>7.67E-4</duration>
          <className>RPSNewModelFullCVPageClassTest</className>
          <testName>testSetTitleSetsTitlePropertyToStringOfCorrectValue</testName>
          <skipped>false</skipped>
          <failedSince>0</failedSince>
        </case>
        <case>
          <duration>7.46E-4</duration>
          <className>RPSNewModelFullCVPageClassTest</className>
          <testName>testSetSubTitleSetsSubTitleProperty</testName>
          <skipped>false</skipped>
          <failedSince>0</failedSince>
        </case>
        <case>
          <duration>7.67E-4</duration>
          <className>RPSNewModelFullCVPageClassTest</className>
          <testName>testSetSubTitleSetsSubTitlePropertyToString</testName>
          <skipped>false</skipped>
          <failedSince>0</failedSince>
        </case>
        <case>
          <duration>8.17E-4</duration>
          <className>RPSNewModelFullCVPageClassTest</className>
          <testName>testSetSubTitleSetsSubTitlePropertyToStringLongerThan3</testName>
          <skipped>false</skipped>
          <failedSince>0</failedSince>
        </case>
        <case>
          <duration>7.88E-4</duration>
          <className>RPSNewModelFullCVPageClassTest</className>
          <testName>testSetContentSetsContentProperty</testName>
          <skipped>false</skipped>
          <failedSince>0</failedSince>
        </case>
        <case>
          <duration>7.49E-4</duration>
          <className>RPSNewModelFullCVPageClassTest</className>
          <testName>testSetContentSetsContentPropertyToString</testName>
          <skipped>false</skipped>
          <failedSince>0</failedSince>
        </case>
        <case>
          <duration>7.84E-4</duration>
          <className>RPSNewModelFullCVPageClassTest</className>
          <testName>testSetContentSetsContentPropertyToStringLongerThan3</testName>
          <skipped>false</skipped>
          <failedSince>0</failedSince>
        </case>
        <case>
          <duration>7.45E-4</duration>
          <className>RPSNewModelFullCVPageClassTest</className>
          <testName>testGetPageDataReturnsArray</testName>
          <skipped>false</skipped>
          <failedSince>0</failedSince>
        </case>
        <case>
          <duration>8.05E-4</duration>
          <className>RPSNewModelFullCVPageClassTest</className>
          <testName>testGetPageDataReturnsArrayOfCorrectStructure</testName>
          <skipped>false</skipped>
          <failedSince>0</failedSince>
        </case>
      </cases>
    </suite>
    <suite>
      <file>/var/lib/jenkins/jobs/Rock_Paper_Scissors_Drupal/workspace/build/reports/phpunit/junit/junit.xml</file>
      <name>RPSNewModelHiPageClassTest</name>
      <duration>0.009233001</duration>
      <cases>
        <case>
          <duration>7.75E-4</duration>
          <className>RPSNewModelHiPageClassTest</className>
          <testName>testObjectInstantiation</testName>
          <skipped>false</skipped>
          <failedSince>0</failedSince>
        </case>
        <case>
          <duration>7.63E-4</duration>
          <className>RPSNewModelHiPageClassTest</className>
          <testName>testSetTitleSetsTitleProperty</testName>
          <skipped>false</skipped>
          <failedSince>0</failedSince>
        </case>
        <case>
          <duration>7.5E-4</duration>
          <className>RPSNewModelHiPageClassTest</className>
          <testName>testSetTitleSetsTitlePropertyToString</testName>
          <skipped>false</skipped>
          <failedSince>0</failedSince>
        </case>
        <case>
          <duration>7.65E-4</duration>
          <className>RPSNewModelHiPageClassTest</className>
          <testName>testSetTitleSetsTitlePropertyToStringOfCorrectValue</testName>
          <skipped>false</skipped>
          <failedSince>0</failedSince>
        </case>
        <case>
          <duration>7.93E-4</duration>
          <className>RPSNewModelHiPageClassTest</className>
          <testName>testSetSubTitleSetsSubTitleProperty</testName>
          <skipped>false</skipped>
          <failedSince>0</failedSince>
        </case>
        <case>
          <duration>7.49E-4</duration>
          <className>RPSNewModelHiPageClassTest</className>
          <testName>testSetSubTitleSetsSubTitlePropertyToString</testName>
          <skipped>false</skipped>
          <failedSince>0</failedSince>
        </case>
        <case>
          <duration>7.55E-4</duration>
          <className>RPSNewModelHiPageClassTest</className>
          <testName>testSetSubTitleSetsSubTitlePropertyToStringLongerThan3</testName>
          <skipped>false</skipped>
          <failedSince>0</failedSince>
        </case>
        <case>
          <duration>7.72E-4</duration>
          <className>RPSNewModelHiPageClassTest</className>
          <testName>testSetContentSetsContentProperty</testName>
          <skipped>false</skipped>
          <failedSince>0</failedSince>
        </case>
        <case>
          <duration>7.62E-4</duration>
          <className>RPSNewModelHiPageClassTest</className>
          <testName>testSetContentSetsContentPropertyToString</testName>
          <skipped>false</skipped>
          <failedSince>0</failedSince>
        </case>
        <case>
          <duration>7.83E-4</duration>
          <className>RPSNewModelHiPageClassTest</className>
          <testName>testSetContentSetsContentPropertyToStringLongerThan3</testName>
          <skipped>false</skipped>
          <failedSince>0</failedSince>
        </case>
        <case>
          <duration>7.44E-4</duration>
          <className>RPSNewModelHiPageClassTest</className>
          <testName>testGetPageDataReturnsArray</testName>
          <skipped>false</skipped>
          <failedSince>0</failedSince>
        </case>
        <case>
          <duration>8.22E-4</duration>
          <className>RPSNewModelHiPageClassTest</className>
          <testName>testGetPageDataReturnsArrayOfCorrectStructure</testName>
          <skipped>false</skipped>
          <failedSince>0</failedSince>
        </case>
      </cases>
    </suite>
    <suite>
      <file>/var/lib/jenkins/jobs/Rock_Paper_Scissors_Drupal/workspace/build/reports/phpunit/junit/junit.xml</file>
      <name>RPSNewModelJuicyCVPageeClassTest</name>
      <duration>0.009593999</duration>
      <cases>
        <case>
          <duration>0.001056</duration>
          <className>RPSNewModelJuicyCVPageeClassTest</className>
          <testName>testObjectInstantiation</testName>
          <skipped>false</skipped>
          <failedSince>0</failedSince>
        </case>
        <case>
          <duration>7.53E-4</duration>
          <className>RPSNewModelJuicyCVPageeClassTest</className>
          <testName>testSetTitleSetsTitleProperty</testName>
          <skipped>false</skipped>
          <failedSince>0</failedSince>
        </case>
        <case>
          <duration>8.09E-4</duration>
          <className>RPSNewModelJuicyCVPageeClassTest</className>
          <testName>testSetTitleSetsTitlePropertyToString</testName>
          <skipped>false</skipped>
          <failedSince>0</failedSince>
        </case>
        <case>
          <duration>7.59E-4</duration>
          <className>RPSNewModelJuicyCVPageeClassTest</className>
          <testName>testSetTitleSetsTitlePropertyToStringOfCorrectValue</testName>
          <skipped>false</skipped>
          <failedSince>0</failedSince>
        </case>
        <case>
          <duration>7.82E-4</duration>
          <className>RPSNewModelJuicyCVPageeClassTest</className>
          <testName>testSetSubTitleSetsSubTitleProperty</testName>
          <skipped>false</skipped>
          <failedSince>0</failedSince>
        </case>
        <case>
          <duration>7.61E-4</duration>
          <className>RPSNewModelJuicyCVPageeClassTest</className>
          <testName>testSetSubTitleSetsSubTitlePropertyToString</testName>
          <skipped>false</skipped>
          <failedSince>0</failedSince>
        </case>
        <case>
          <duration>7.6E-4</duration>
          <className>RPSNewModelJuicyCVPageeClassTest</className>
          <testName>testSetSubTitleSetsSubTitlePropertyToStringLongerThan3</testName>
          <skipped>false</skipped>
          <failedSince>0</failedSince>
        </case>
        <case>
          <duration>7.59E-4</duration>
          <className>RPSNewModelJuicyCVPageeClassTest</className>
          <testName>testSetContentSetsContentProperty</testName>
          <skipped>false</skipped>
          <failedSince>0</failedSince>
        </case>
        <case>
          <duration>7.72E-4</duration>
          <className>RPSNewModelJuicyCVPageeClassTest</className>
          <testName>testSetContentSetsContentPropertyToString</testName>
          <skipped>false</skipped>
          <failedSince>0</failedSince>
        </case>
        <case>
          <duration>7.66E-4</duration>
          <className>RPSNewModelJuicyCVPageeClassTest</className>
          <testName>testSetContentSetsContentPropertyToStringLongerThan3</testName>
          <skipped>false</skipped>
          <failedSince>0</failedSince>
        </case>
        <case>
          <duration>8.0E-4</duration>
          <className>RPSNewModelJuicyCVPageeClassTest</className>
          <testName>testGetPageDataReturnsArray</testName>
          <skipped>false</skipped>
          <failedSince>0</failedSince>
        </case>
        <case>
          <duration>8.17E-4</duration>
          <className>RPSNewModelJuicyCVPageeClassTest</className>
          <testName>testGetPageDataReturnsArrayOfCorrectStructure</testName>
          <skipped>false</skipped>
          <failedSince>0</failedSince>
        </case>
      </cases>
    </suite>
  </suites>
  <duration>0.064187</duration>
  <keepLongStdio>false</keepLongStdio>
</result>