<?xml version='1.0' encoding='UTF-8'?>
<result>
  <suites>
    <suite>
      <file>/var/lib/jenkins/jobs/Rock_Paper_Scissors_Drupal/workspace/build/reports/phpunit/junit/junit.xml</file>
      <name>RPSNewControllerBaseClassTest</name>
      <duration>0.010671999</duration>
      <cases>
        <case>
          <duration>0.004221</duration>
          <className>RPSNewControllerBaseClassTest</className>
          <testName>testControllerBaseInstantiates</testName>
          <skipped>false</skipped>
          <failedSince>0</failedSince>
        </case>
        <case>
          <duration>0.001263</duration>
          <className>RPSNewControllerBaseClassTest</className>
          <testName>testControllerBaseHasContentProperty</testName>
          <skipped>false</skipped>
          <failedSince>0</failedSince>
        </case>
        <case>
          <duration>0.001831</duration>
          <className>RPSNewControllerBaseClassTest</className>
          <testName>testControllerBaseHasContentPropertyWithEmptyArrayValueOnInstantiation</testName>
          <skipped>false</skipped>
          <failedSince>0</failedSince>
        </case>
        <case>
          <duration>0.001908</duration>
          <className>RPSNewControllerBaseClassTest</className>
          <testName>testControllerBaseSetsDrupalHelperPropertyWhenNoParamGiven</testName>
          <skipped>false</skipped>
          <failedSince>0</failedSince>
        </case>
        <case>
          <duration>0.001449</duration>
          <className>RPSNewControllerBaseClassTest</className>
          <testName>testControllerBaseSetsDrupalHelperPropertyToCorrectClassWhenNoParamGiven</testName>
          <skipped>false</skipped>
          <failedSince>0</failedSince>
        </case>
      </cases>
    </suite>
    <suite>
      <file>/var/lib/jenkins/jobs/Rock_Paper_Scissors_Drupal/workspace/build/reports/phpunit/junit/junit.xml</file>
      <name>RPSNewControllerGameClassTest</name>
      <duration>0.008079</duration>
      <cases>
        <case>
          <duration>0.001174</duration>
          <className>RPSNewControllerGameClassTest</className>
          <testName>testExecuteReturnsAValue</testName>
          <skipped>false</skipped>
          <failedSince>0</failedSince>
        </case>
        <case>
          <duration>7.77E-4</duration>
          <className>RPSNewControllerGameClassTest</className>
          <testName>testExecuteReturnsAnArray</testName>
          <skipped>false</skipped>
          <failedSince>0</failedSince>
        </case>
        <case>
          <duration>8.11E-4</duration>
          <className>RPSNewControllerGameClassTest</className>
          <testName>testExecuteReturnsAnArrayWithGameIntroViewWhenActionIsHome</testName>
          <skipped>false</skipped>
          <failedSince>0</failedSince>
        </case>
        <case>
          <duration>8.27E-4</duration>
          <className>RPSNewControllerGameClassTest</className>
          <testName>testExecuteReturnsAnArrayWithGameChoosePlayersViewWhenActionIsGameChoosePlayers</testName>
          <skipped>false</skipped>
          <failedSince>0</failedSince>
        </case>
        <case>
          <duration>8.28E-4</duration>
          <className>RPSNewControllerGameClassTest</className>
          <testName>testExecuteReturnsAnArrayWithGameIntroWhenActionIsNotHomeOrChoosePlayers</testName>
          <skipped>false</skipped>
          <failedSince>0</failedSince>
        </case>
        <case>
          <duration>8.93E-4</duration>
          <className>RPSNewControllerGameClassTest</className>
          <testName>testExecuteReturnsAnArrayWithGameCompleteWhenActionIsChoosePlayersAndRunIsSet</testName>
          <skipped>false</skipped>
          <failedSince>0</failedSince>
        </case>
        <case>
          <duration>7.8E-4</duration>
          <className>RPSNewControllerGameClassTest</className>
          <testName>testGetRandomPlayerChoiceReturnsValue</testName>
          <skipped>false</skipped>
          <failedSince>0</failedSince>
        </case>
        <case>
          <duration>8.13E-4</duration>
          <className>RPSNewControllerGameClassTest</className>
          <testName>testGetRandomPlayerChoiceReturnsValueOfCorrectType</testName>
          <skipped>false</skipped>
          <failedSince>0</failedSince>
        </case>
        <case>
          <duration>0.001176</duration>
          <className>RPSNewControllerGameClassTest</className>
          <testName>testCalculateWinner</testName>
          <skipped>false</skipped>
          <failedSince>0</failedSince>
        </case>
      </cases>
    </suite>
    <suite>
      <file>/var/lib/jenkins/jobs/Rock_Paper_Scissors_Drupal/workspace/build/reports/phpunit/junit/junit.xml</file>
      <name>RPSNewControllerPageClassTest</name>
      <duration>0.0041340003</duration>
      <cases>
        <case>
          <duration>0.001025</duration>
          <className>RPSNewControllerPageClassTest</className>
          <testName>testObjectInstantiation</testName>
          <skipped>false</skipped>
          <failedSince>0</failedSince>
        </case>
        <case>
          <duration>0.001408</duration>
          <className>RPSNewControllerPageClassTest</className>
          <testName>testExecuteReturnsAValue</testName>
          <skipped>false</skipped>
          <failedSince>0</failedSince>
        </case>
        <case>
          <duration>8.24E-4</duration>
          <className>RPSNewControllerPageClassTest</className>
          <testName>testExecuteReturnsAnArray</testName>
          <skipped>false</skipped>
          <failedSince>0</failedSince>
        </case>
        <case>
          <duration>8.77E-4</duration>
          <className>RPSNewControllerPageClassTest</className>
          <testName>testExecuteReturnsAnArrayWithStandardPageViewWhenActionIsHi</testName>
          <skipped>false</skipped>
          <failedSince>0</failedSince>
        </case>
      </cases>
    </suite>
    <suite>
      <file>/var/lib/jenkins/jobs/Rock_Paper_Scissors_Drupal/workspace/build/reports/phpunit/junit/junit.xml</file>
      <name>RPSNewCoreControlClassTest</name>
      <duration>0.001906</duration>
      <cases>
        <case>
          <duration>0.001035</duration>
          <className>RPSNewCoreControlClassTest</className>
          <testName>testexecuteControlReturnsAnArray</testName>
          <skipped>false</skipped>
          <failedSince>0</failedSince>
        </case>
        <case>
          <duration>8.71E-4</duration>
          <className>RPSNewCoreControlClassTest</className>
          <testName>testexecuteControlReturnsAnArrayOfCorrectStructure</testName>
          <skipped>false</skipped>
          <failedSince>0</failedSince>
        </case>
      </cases>
    </suite>
    <suite>
      <file>/var/lib/jenkins/jobs/Rock_Paper_Scissors_Drupal/workspace/build/reports/phpunit/junit/junit.xml</file>
      <name>RPSNewCoreDrupalHelperClassTest</name>
      <duration>0.0019050001</duration>
      <cases>
        <case>
          <duration>8.04E-4</duration>
          <className>RPSNewCoreDrupalHelperClassTest</className>
          <testName>testGetFuncWillExecuteALoadedFunction</testName>
          <skipped>false</skipped>
          <failedSince>0</failedSince>
        </case>
        <case>
          <duration>0.001101</duration>
          <className>RPSNewCoreDrupalHelperClassTest</className>
          <testName>testGetFuncWillExecuteALoadedFunctionAndReturnACorrectValue</testName>
          <skipped>false</skipped>
          <failedSince>0</failedSince>
        </case>
      </cases>
    </suite>
    <suite>
      <file>/var/lib/jenkins/jobs/Rock_Paper_Scissors_Drupal/workspace/build/reports/phpunit/junit/junit.xml</file>
      <name>RPSNewCoreRouterClassTest</name>
      <duration>0.012267999</duration>
      <cases>
        <case>
          <duration>0.001136</duration>
          <className>RPSNewCoreRouterClassTest</className>
          <testName>testrouterObjectInstantiates</testName>
          <skipped>false</skipped>
          <failedSince>0</failedSince>
        </case>
        <case>
          <duration>7.99E-4</duration>
          <className>RPSNewCoreRouterClassTest</className>
          <testName>testrunReturnsAnArray</testName>
          <skipped>false</skipped>
          <failedSince>0</failedSince>
        </case>
        <case>
          <duration>7.74E-4</duration>
          <className>RPSNewCoreRouterClassTest</className>
          <testName>testrunReturnsAnArrayWithControlKey</testName>
          <skipped>false</skipped>
          <failedSince>0</failedSince>
        </case>
        <case>
          <duration>7.75E-4</duration>
          <className>RPSNewCoreRouterClassTest</className>
          <testName>testrunReturnsAnArrayWithActionKey</testName>
          <skipped>false</skipped>
          <failedSince>0</failedSince>
        </case>
        <case>
          <duration>7.66E-4</duration>
          <className>RPSNewCoreRouterClassTest</className>
          <testName>testrunReturnsAnArrayWithOnlyTwoKeys</testName>
          <skipped>false</skipped>
          <failedSince>0</failedSince>
        </case>
        <case>
          <duration>9.89E-4</duration>
          <className>RPSNewCoreRouterClassTest</className>
          <testName>testmodelRouteIsAnObjectOfClassModelRouter</testName>
          <skipped>false</skipped>
          <failedSince>0</failedSince>
        </case>
        <case>
          <duration>0.001171</duration>
          <className>RPSNewCoreRouterClassTest</className>
          <testName>testrouterObjectHasAttributes</testName>
          <skipped>false</skipped>
          <failedSince>0</failedSince>
        </case>
        <case>
          <duration>8.59E-4</duration>
          <className>RPSNewCoreRouterClassTest</className>
          <testName>testrouterObjectHasAvailableRoutesAttributeOfArrayType</testName>
          <skipped>false</skipped>
          <failedSince>0</failedSince>
        </case>
        <case>
          <duration>9.62E-4</duration>
          <className>RPSNewCoreRouterClassTest</className>
          <testName>testsetRouteControllerSetsDefaulControlWithHappyDefaultRequest</testName>
          <skipped>false</skipped>
          <failedSince>0</failedSince>
        </case>
        <case>
          <duration>8.06E-4</duration>
          <className>RPSNewCoreRouterClassTest</className>
          <testName>testsetRouteControllerSetsNonDefaultWithHappyNonDefaultRequest</testName>
          <skipped>false</skipped>
          <failedSince>0</failedSince>
        </case>
        <case>
          <duration>8.1E-4</duration>
          <className>RPSNewCoreRouterClassTest</className>
          <testName>testsetRouteControllerSetsDefaultWithSadRequest</testName>
          <skipped>false</skipped>
          <failedSince>0</failedSince>
        </case>
        <case>
          <duration>8.25E-4</duration>
          <className>RPSNewCoreRouterClassTest</className>
          <testName>testsetRouteActionSetsDefaulActionWithHappyDefaultRequest</testName>
          <skipped>false</skipped>
          <failedSince>0</failedSince>
        </case>
        <case>
          <duration>8.0E-4</duration>
          <className>RPSNewCoreRouterClassTest</className>
          <testName>testsetRouteActionSetsNonDefaultWithHappyNonDefaultRequest</testName>
          <skipped>false</skipped>
          <failedSince>0</failedSince>
        </case>
        <case>
          <duration>7.96E-4</duration>
          <className>RPSNewCoreRouterClassTest</className>
          <testName>testsetRouteActionSetsDefaultWithSadRequest</testName>
          <skipped>false</skipped>
          <failedSince>0</failedSince>
        </case>
      </cases>
    </suite>
    <suite>
      <file>/var/lib/jenkins/jobs/Rock_Paper_Scissors_Drupal/workspace/build/reports/phpunit/junit/junit.xml</file>
      <name>RPSNewCoreViewClassTest</name>
      <duration>0.001638</duration>
      <cases>
        <case>
          <duration>0.001638</duration>
          <className>RPSNewCoreViewClassTest</className>
          <testName>testexecuteViewRendersString</testName>
          <skipped>false</skipped>
          <failedSince>0</failedSince>
        </case>
      </cases>
    </suite>
    <suite>
      <file>/var/lib/jenkins/jobs/Rock_Paper_Scissors_Drupal/workspace/build/reports/phpunit/junit/junit.xml</file>
      <name>RPSNewModelFullCVPageClassTest</name>
      <duration>0.009948</duration>
      <cases>
        <case>
          <duration>0.001009</duration>
          <className>RPSNewModelFullCVPageClassTest</className>
          <testName>testObjectInstantiation</testName>
          <skipped>false</skipped>
          <failedSince>0</failedSince>
        </case>
        <case>
          <duration>8.66E-4</duration>
          <className>RPSNewModelFullCVPageClassTest</className>
          <testName>testSetTitleSetsTitleProperty</testName>
          <skipped>false</skipped>
          <failedSince>0</failedSince>
        </case>
        <case>
          <duration>9.45E-4</duration>
          <className>RPSNewModelFullCVPageClassTest</className>
          <testName>testSetTitleSetsTitlePropertyToString</testName>
          <skipped>false</skipped>
          <failedSince>0</failedSince>
        </case>
        <case>
          <duration>7.84E-4</duration>
          <className>RPSNewModelFullCVPageClassTest</className>
          <testName>testSetTitleSetsTitlePropertyToStringOfCorrectValue</testName>
          <skipped>false</skipped>
          <failedSince>0</failedSince>
        </case>
        <case>
          <duration>7.83E-4</duration>
          <className>RPSNewModelFullCVPageClassTest</className>
          <testName>testSetSubTitleSetsSubTitleProperty</testName>
          <skipped>false</skipped>
          <failedSince>0</failedSince>
        </case>
        <case>
          <duration>7.94E-4</duration>
          <className>RPSNewModelFullCVPageClassTest</className>
          <testName>testSetSubTitleSetsSubTitlePropertyToString</testName>
          <skipped>false</skipped>
          <failedSince>0</failedSince>
        </case>
        <case>
          <duration>7.87E-4</duration>
          <className>RPSNewModelFullCVPageClassTest</className>
          <testName>testSetSubTitleSetsSubTitlePropertyToStringLongerThan3</testName>
          <skipped>false</skipped>
          <failedSince>0</failedSince>
        </case>
        <case>
          <duration>7.92E-4</duration>
          <className>RPSNewModelFullCVPageClassTest</className>
          <testName>testSetContentSetsContentProperty</testName>
          <skipped>false</skipped>
          <failedSince>0</failedSince>
        </case>
        <case>
          <duration>7.94E-4</duration>
          <className>RPSNewModelFullCVPageClassTest</className>
          <testName>testSetContentSetsContentPropertyToString</testName>
          <skipped>false</skipped>
          <failedSince>0</failedSince>
        </case>
        <case>
          <duration>7.9E-4</duration>
          <className>RPSNewModelFullCVPageClassTest</className>
          <testName>testSetContentSetsContentPropertyToStringLongerThan3</testName>
          <skipped>false</skipped>
          <failedSince>0</failedSince>
        </case>
        <case>
          <duration>7.66E-4</duration>
          <className>RPSNewModelFullCVPageClassTest</className>
          <testName>testGetPageDataReturnsArray</testName>
          <skipped>false</skipped>
          <failedSince>0</failedSince>
        </case>
        <case>
          <duration>8.38E-4</duration>
          <className>RPSNewModelFullCVPageClassTest</className>
          <testName>testGetPageDataReturnsArrayOfCorrectStructure</testName>
          <skipped>false</skipped>
          <failedSince>0</failedSince>
        </case>
      </cases>
    </suite>
    <suite>
      <file>/var/lib/jenkins/jobs/Rock_Paper_Scissors_Drupal/workspace/build/reports/phpunit/junit/junit.xml</file>
      <name>RPSNewModelHiPageClassTest</name>
      <duration>0.009623</duration>
      <cases>
        <case>
          <duration>7.96E-4</duration>
          <className>RPSNewModelHiPageClassTest</className>
          <testName>testObjectInstantiation</testName>
          <skipped>false</skipped>
          <failedSince>0</failedSince>
        </case>
        <case>
          <duration>7.7E-4</duration>
          <className>RPSNewModelHiPageClassTest</className>
          <testName>testSetTitleSetsTitleProperty</testName>
          <skipped>false</skipped>
          <failedSince>0</failedSince>
        </case>
        <case>
          <duration>7.81E-4</duration>
          <className>RPSNewModelHiPageClassTest</className>
          <testName>testSetTitleSetsTitlePropertyToString</testName>
          <skipped>false</skipped>
          <failedSince>0</failedSince>
        </case>
        <case>
          <duration>7.9E-4</duration>
          <className>RPSNewModelHiPageClassTest</className>
          <testName>testSetTitleSetsTitlePropertyToStringOfCorrectValue</testName>
          <skipped>false</skipped>
          <failedSince>0</failedSince>
        </case>
        <case>
          <duration>7.76E-4</duration>
          <className>RPSNewModelHiPageClassTest</className>
          <testName>testSetSubTitleSetsSubTitleProperty</testName>
          <skipped>false</skipped>
          <failedSince>0</failedSince>
        </case>
        <case>
          <duration>7.73E-4</duration>
          <className>RPSNewModelHiPageClassTest</className>
          <testName>testSetSubTitleSetsSubTitlePropertyToString</testName>
          <skipped>false</skipped>
          <failedSince>0</failedSince>
        </case>
        <case>
          <duration>8.64E-4</duration>
          <className>RPSNewModelHiPageClassTest</className>
          <testName>testSetSubTitleSetsSubTitlePropertyToStringLongerThan3</testName>
          <skipped>false</skipped>
          <failedSince>0</failedSince>
        </case>
        <case>
          <duration>7.87E-4</duration>
          <className>RPSNewModelHiPageClassTest</className>
          <testName>testSetContentSetsContentProperty</testName>
          <skipped>false</skipped>
          <failedSince>0</failedSince>
        </case>
        <case>
          <duration>7.56E-4</duration>
          <className>RPSNewModelHiPageClassTest</className>
          <testName>testSetContentSetsContentPropertyToString</testName>
          <skipped>false</skipped>
          <failedSince>0</failedSince>
        </case>
        <case>
          <duration>7.66E-4</duration>
          <className>RPSNewModelHiPageClassTest</className>
          <testName>testSetContentSetsContentPropertyToStringLongerThan3</testName>
          <skipped>false</skipped>
          <failedSince>0</failedSince>
        </case>
        <case>
          <duration>9.31E-4</duration>
          <className>RPSNewModelHiPageClassTest</className>
          <testName>testGetPageDataReturnsArray</testName>
          <skipped>false</skipped>
          <failedSince>0</failedSince>
        </case>
        <case>
          <duration>8.33E-4</duration>
          <className>RPSNewModelHiPageClassTest</className>
          <testName>testGetPageDataReturnsArrayOfCorrectStructure</testName>
          <skipped>false</skipped>
          <failedSince>0</failedSince>
        </case>
      </cases>
    </suite>
    <suite>
      <file>/var/lib/jenkins/jobs/Rock_Paper_Scissors_Drupal/workspace/build/reports/phpunit/junit/junit.xml</file>
      <name>RPSNewModelJuicyCVPageeClassTest</name>
      <duration>0.009876999</duration>
      <cases>
        <case>
          <duration>0.001127</duration>
          <className>RPSNewModelJuicyCVPageeClassTest</className>
          <testName>testObjectInstantiation</testName>
          <skipped>false</skipped>
          <failedSince>0</failedSince>
        </case>
        <case>
          <duration>7.89E-4</duration>
          <className>RPSNewModelJuicyCVPageeClassTest</className>
          <testName>testSetTitleSetsTitleProperty</testName>
          <skipped>false</skipped>
          <failedSince>0</failedSince>
        </case>
        <case>
          <duration>7.85E-4</duration>
          <className>RPSNewModelJuicyCVPageeClassTest</className>
          <testName>testSetTitleSetsTitlePropertyToString</testName>
          <skipped>false</skipped>
          <failedSince>0</failedSince>
        </case>
        <case>
          <duration>7.74E-4</duration>
          <className>RPSNewModelJuicyCVPageeClassTest</className>
          <testName>testSetTitleSetsTitlePropertyToStringOfCorrectValue</testName>
          <skipped>false</skipped>
          <failedSince>0</failedSince>
        </case>
        <case>
          <duration>7.88E-4</duration>
          <className>RPSNewModelJuicyCVPageeClassTest</className>
          <testName>testSetSubTitleSetsSubTitleProperty</testName>
          <skipped>false</skipped>
          <failedSince>0</failedSince>
        </case>
        <case>
          <duration>7.76E-4</duration>
          <className>RPSNewModelJuicyCVPageeClassTest</className>
          <testName>testSetSubTitleSetsSubTitlePropertyToString</testName>
          <skipped>false</skipped>
          <failedSince>0</failedSince>
        </case>
        <case>
          <duration>7.86E-4</duration>
          <className>RPSNewModelJuicyCVPageeClassTest</className>
          <testName>testSetSubTitleSetsSubTitlePropertyToStringLongerThan3</testName>
          <skipped>false</skipped>
          <failedSince>0</failedSince>
        </case>
        <case>
          <duration>8.65E-4</duration>
          <className>RPSNewModelJuicyCVPageeClassTest</className>
          <testName>testSetContentSetsContentProperty</testName>
          <skipped>false</skipped>
          <failedSince>0</failedSince>
        </case>
        <case>
          <duration>7.77E-4</duration>
          <className>RPSNewModelJuicyCVPageeClassTest</className>
          <testName>testSetContentSetsContentPropertyToString</testName>
          <skipped>false</skipped>
          <failedSince>0</failedSince>
        </case>
        <case>
          <duration>7.77E-4</duration>
          <className>RPSNewModelJuicyCVPageeClassTest</className>
          <testName>testSetContentSetsContentPropertyToStringLongerThan3</testName>
          <skipped>false</skipped>
          <failedSince>0</failedSince>
        </case>
        <case>
          <duration>7.73E-4</duration>
          <className>RPSNewModelJuicyCVPageeClassTest</className>
          <testName>testGetPageDataReturnsArray</testName>
          <skipped>false</skipped>
          <failedSince>0</failedSince>
        </case>
        <case>
          <duration>8.6E-4</duration>
          <className>RPSNewModelJuicyCVPageeClassTest</className>
          <testName>testGetPageDataReturnsArrayOfCorrectStructure</testName>
          <skipped>false</skipped>
          <failedSince>0</failedSince>
        </case>
      </cases>
    </suite>
  </suites>
  <duration>0.07004999</duration>
  <keepLongStdio>false</keepLongStdio>
</result>