<?xml version='1.0' encoding='UTF-8'?>
<result>
  <suites>
    <suite>
      <file>/var/lib/jenkins/jobs/Rock_Paper_Scissors_Drupal/workspace/build/reports/phpunit/junit/junit.xml</file>
      <name>RPSNewControllerBaseClassTest</name>
      <duration>0.006392</duration>
      <cases>
        <case>
          <duration>0.002621</duration>
          <className>RPSNewControllerBaseClassTest</className>
          <testName>testControllerBaseInstantiates</testName>
          <skipped>false</skipped>
          <failedSince>0</failedSince>
        </case>
        <case>
          <duration>7.76E-4</duration>
          <className>RPSNewControllerBaseClassTest</className>
          <testName>testControllerBaseHasContentProperty</testName>
          <skipped>false</skipped>
          <failedSince>0</failedSince>
        </case>
        <case>
          <duration>0.00113</duration>
          <className>RPSNewControllerBaseClassTest</className>
          <testName>testControllerBaseHasContentPropertyWithEmptyArrayValueOnInstantiation</testName>
          <skipped>false</skipped>
          <failedSince>0</failedSince>
        </case>
        <case>
          <duration>0.001081</duration>
          <className>RPSNewControllerBaseClassTest</className>
          <testName>testControllerBaseSetsDrupalHelperPropertyWhenNoParamGiven</testName>
          <skipped>false</skipped>
          <failedSince>0</failedSince>
        </case>
        <case>
          <duration>7.84E-4</duration>
          <className>RPSNewControllerBaseClassTest</className>
          <testName>testControllerBaseSetsDrupalHelperPropertyToCorrectClassWhenNoParamGiven</testName>
          <skipped>false</skipped>
          <failedSince>0</failedSince>
        </case>
      </cases>
    </suite>
    <suite>
      <file>/var/lib/jenkins/jobs/Rock_Paper_Scissors_Drupal/workspace/build/reports/phpunit/junit/junit.xml</file>
      <name>RPSNewControllerGameClassTest</name>
      <duration>0.0080969995</duration>
      <cases>
        <case>
          <duration>0.001216</duration>
          <className>RPSNewControllerGameClassTest</className>
          <testName>testExecuteReturnsAValue</testName>
          <skipped>false</skipped>
          <failedSince>0</failedSince>
        </case>
        <case>
          <duration>7.76E-4</duration>
          <className>RPSNewControllerGameClassTest</className>
          <testName>testExecuteReturnsAnArray</testName>
          <skipped>false</skipped>
          <failedSince>0</failedSince>
        </case>
        <case>
          <duration>8.18E-4</duration>
          <className>RPSNewControllerGameClassTest</className>
          <testName>testExecuteReturnsAnArrayWithGameIntroViewWhenActionIsHome</testName>
          <skipped>false</skipped>
          <failedSince>0</failedSince>
        </case>
        <case>
          <duration>8.25E-4</duration>
          <className>RPSNewControllerGameClassTest</className>
          <testName>testExecuteReturnsAnArrayWithGameChoosePlayersViewWhenActionIsGameChoosePlayers</testName>
          <skipped>false</skipped>
          <failedSince>0</failedSince>
        </case>
        <case>
          <duration>8.21E-4</duration>
          <className>RPSNewControllerGameClassTest</className>
          <testName>testExecuteReturnsAnArrayWithGameIntroWhenActionIsNotHomeOrChoosePlayers</testName>
          <skipped>false</skipped>
          <failedSince>0</failedSince>
        </case>
        <case>
          <duration>8.88E-4</duration>
          <className>RPSNewControllerGameClassTest</className>
          <testName>testExecuteReturnsAnArrayWithGameCompleteWhenActionIsChoosePlayersAndRunIsSet</testName>
          <skipped>false</skipped>
          <failedSince>0</failedSince>
        </case>
        <case>
          <duration>7.82E-4</duration>
          <className>RPSNewControllerGameClassTest</className>
          <testName>testGetRandomPlayerChoiceReturnsValue</testName>
          <skipped>false</skipped>
          <failedSince>0</failedSince>
        </case>
        <case>
          <duration>7.88E-4</duration>
          <className>RPSNewControllerGameClassTest</className>
          <testName>testGetRandomPlayerChoiceReturnsValueOfCorrectType</testName>
          <skipped>false</skipped>
          <failedSince>0</failedSince>
        </case>
        <case>
          <duration>0.001183</duration>
          <className>RPSNewControllerGameClassTest</className>
          <testName>testCalculateWinner</testName>
          <skipped>false</skipped>
          <failedSince>0</failedSince>
        </case>
      </cases>
    </suite>
    <suite>
      <file>/var/lib/jenkins/jobs/Rock_Paper_Scissors_Drupal/workspace/build/reports/phpunit/junit/junit.xml</file>
      <name>RPSNewControllerPageClassTest</name>
      <duration>0.004366</duration>
      <cases>
        <case>
          <duration>0.001252</duration>
          <className>RPSNewControllerPageClassTest</className>
          <testName>testObjectInstantiation</testName>
          <skipped>false</skipped>
          <failedSince>0</failedSince>
        </case>
        <case>
          <duration>0.001355</duration>
          <className>RPSNewControllerPageClassTest</className>
          <testName>testExecuteReturnsAValue</testName>
          <skipped>false</skipped>
          <failedSince>0</failedSince>
        </case>
        <case>
          <duration>8.06E-4</duration>
          <className>RPSNewControllerPageClassTest</className>
          <testName>testExecuteReturnsAnArray</testName>
          <skipped>false</skipped>
          <failedSince>0</failedSince>
        </case>
        <case>
          <duration>9.53E-4</duration>
          <className>RPSNewControllerPageClassTest</className>
          <testName>testExecuteReturnsAnArrayWithStandardPageViewWhenActionIsHi</testName>
          <skipped>false</skipped>
          <failedSince>0</failedSince>
        </case>
      </cases>
    </suite>
    <suite>
      <file>/var/lib/jenkins/jobs/Rock_Paper_Scissors_Drupal/workspace/build/reports/phpunit/junit/junit.xml</file>
      <name>RPSNewCoreControlClassTest</name>
      <duration>0.001901</duration>
      <cases>
        <case>
          <duration>0.001083</duration>
          <className>RPSNewCoreControlClassTest</className>
          <testName>testexecuteControlReturnsAnArray</testName>
          <skipped>false</skipped>
          <failedSince>0</failedSince>
        </case>
        <case>
          <duration>8.18E-4</duration>
          <className>RPSNewCoreControlClassTest</className>
          <testName>testexecuteControlReturnsAnArrayOfCorrectStructure</testName>
          <skipped>false</skipped>
          <failedSince>0</failedSince>
        </case>
      </cases>
    </suite>
    <suite>
      <file>/var/lib/jenkins/jobs/Rock_Paper_Scissors_Drupal/workspace/build/reports/phpunit/junit/junit.xml</file>
      <name>RPSNewCoreDrupalHelperClassTest</name>
      <duration>0.0015680001</duration>
      <cases>
        <case>
          <duration>7.97E-4</duration>
          <className>RPSNewCoreDrupalHelperClassTest</className>
          <testName>testGetFuncWillExecuteALoadedFunction</testName>
          <skipped>false</skipped>
          <failedSince>0</failedSince>
        </case>
        <case>
          <duration>7.71E-4</duration>
          <className>RPSNewCoreDrupalHelperClassTest</className>
          <testName>testGetFuncWillExecuteALoadedFunctionAndReturnACorrectValue</testName>
          <skipped>false</skipped>
          <failedSince>0</failedSince>
        </case>
      </cases>
    </suite>
    <suite>
      <file>/var/lib/jenkins/jobs/Rock_Paper_Scissors_Drupal/workspace/build/reports/phpunit/junit/junit.xml</file>
      <name>RPSNewCoreRouterClassTest</name>
      <duration>0.012983</duration>
      <cases>
        <case>
          <duration>0.001229</duration>
          <className>RPSNewCoreRouterClassTest</className>
          <testName>testrouterObjectInstantiates</testName>
          <skipped>false</skipped>
          <failedSince>0</failedSince>
        </case>
        <case>
          <duration>7.94E-4</duration>
          <className>RPSNewCoreRouterClassTest</className>
          <testName>testrunReturnsAnArray</testName>
          <skipped>false</skipped>
          <failedSince>0</failedSince>
        </case>
        <case>
          <duration>9.03E-4</duration>
          <className>RPSNewCoreRouterClassTest</className>
          <testName>testrunReturnsAnArrayWithControlKey</testName>
          <skipped>false</skipped>
          <failedSince>0</failedSince>
        </case>
        <case>
          <duration>0.001169</duration>
          <className>RPSNewCoreRouterClassTest</className>
          <testName>testrunReturnsAnArrayWithActionKey</testName>
          <skipped>false</skipped>
          <failedSince>0</failedSince>
        </case>
        <case>
          <duration>9.39E-4</duration>
          <className>RPSNewCoreRouterClassTest</className>
          <testName>testrunReturnsAnArrayWithOnlyTwoKeys</testName>
          <skipped>false</skipped>
          <failedSince>0</failedSince>
        </case>
        <case>
          <duration>0.001038</duration>
          <className>RPSNewCoreRouterClassTest</className>
          <testName>testmodelRouteIsAnObjectOfClassModelRouter</testName>
          <skipped>false</skipped>
          <failedSince>0</failedSince>
        </case>
        <case>
          <duration>0.001193</duration>
          <className>RPSNewCoreRouterClassTest</className>
          <testName>testrouterObjectHasAttributes</testName>
          <skipped>false</skipped>
          <failedSince>0</failedSince>
        </case>
        <case>
          <duration>7.83E-4</duration>
          <className>RPSNewCoreRouterClassTest</className>
          <testName>testrouterObjectHasAvailableRoutesAttributeOfArrayType</testName>
          <skipped>false</skipped>
          <failedSince>0</failedSince>
        </case>
        <case>
          <duration>8.02E-4</duration>
          <className>RPSNewCoreRouterClassTest</className>
          <testName>testsetRouteControllerSetsDefaulControlWithHappyDefaultRequest</testName>
          <skipped>false</skipped>
          <failedSince>0</failedSince>
        </case>
        <case>
          <duration>8.14E-4</duration>
          <className>RPSNewCoreRouterClassTest</className>
          <testName>testsetRouteControllerSetsNonDefaultWithHappyNonDefaultRequest</testName>
          <skipped>false</skipped>
          <failedSince>0</failedSince>
        </case>
        <case>
          <duration>8.4E-4</duration>
          <className>RPSNewCoreRouterClassTest</className>
          <testName>testsetRouteControllerSetsDefaultWithSadRequest</testName>
          <skipped>false</skipped>
          <failedSince>0</failedSince>
        </case>
        <case>
          <duration>8.16E-4</duration>
          <className>RPSNewCoreRouterClassTest</className>
          <testName>testsetRouteActionSetsDefaulActionWithHappyDefaultRequest</testName>
          <skipped>false</skipped>
          <failedSince>0</failedSince>
        </case>
        <case>
          <duration>8.06E-4</duration>
          <className>RPSNewCoreRouterClassTest</className>
          <testName>testsetRouteActionSetsNonDefaultWithHappyNonDefaultRequest</testName>
          <skipped>false</skipped>
          <failedSince>0</failedSince>
        </case>
        <case>
          <duration>8.57E-4</duration>
          <className>RPSNewCoreRouterClassTest</className>
          <testName>testsetRouteActionSetsDefaultWithSadRequest</testName>
          <skipped>false</skipped>
          <failedSince>0</failedSince>
        </case>
      </cases>
    </suite>
    <suite>
      <file>/var/lib/jenkins/jobs/Rock_Paper_Scissors_Drupal/workspace/build/reports/phpunit/junit/junit.xml</file>
      <name>RPSNewCoreViewClassTest</name>
      <duration>0.001659</duration>
      <cases>
        <case>
          <duration>0.001659</duration>
          <className>RPSNewCoreViewClassTest</className>
          <testName>testexecuteViewRendersString</testName>
          <skipped>false</skipped>
          <failedSince>0</failedSince>
        </case>
      </cases>
    </suite>
    <suite>
      <file>/var/lib/jenkins/jobs/Rock_Paper_Scissors_Drupal/workspace/build/reports/phpunit/junit/junit.xml</file>
      <name>RPSNewModelFullCVPageClassTest</name>
      <duration>0.009741999</duration>
      <cases>
        <case>
          <duration>0.001004</duration>
          <className>RPSNewModelFullCVPageClassTest</className>
          <testName>testObjectInstantiation</testName>
          <skipped>false</skipped>
          <failedSince>0</failedSince>
        </case>
        <case>
          <duration>7.84E-4</duration>
          <className>RPSNewModelFullCVPageClassTest</className>
          <testName>testSetTitleSetsTitleProperty</testName>
          <skipped>false</skipped>
          <failedSince>0</failedSince>
        </case>
        <case>
          <duration>7.82E-4</duration>
          <className>RPSNewModelFullCVPageClassTest</className>
          <testName>testSetTitleSetsTitlePropertyToString</testName>
          <skipped>false</skipped>
          <failedSince>0</failedSince>
        </case>
        <case>
          <duration>8.29E-4</duration>
          <className>RPSNewModelFullCVPageClassTest</className>
          <testName>testSetTitleSetsTitlePropertyToStringOfCorrectValue</testName>
          <skipped>false</skipped>
          <failedSince>0</failedSince>
        </case>
        <case>
          <duration>7.9E-4</duration>
          <className>RPSNewModelFullCVPageClassTest</className>
          <testName>testSetSubTitleSetsSubTitleProperty</testName>
          <skipped>false</skipped>
          <failedSince>0</failedSince>
        </case>
        <case>
          <duration>7.76E-4</duration>
          <className>RPSNewModelFullCVPageClassTest</className>
          <testName>testSetSubTitleSetsSubTitlePropertyToString</testName>
          <skipped>false</skipped>
          <failedSince>0</failedSince>
        </case>
        <case>
          <duration>7.84E-4</duration>
          <className>RPSNewModelFullCVPageClassTest</className>
          <testName>testSetSubTitleSetsSubTitlePropertyToStringLongerThan3</testName>
          <skipped>false</skipped>
          <failedSince>0</failedSince>
        </case>
        <case>
          <duration>8.08E-4</duration>
          <className>RPSNewModelFullCVPageClassTest</className>
          <testName>testSetContentSetsContentProperty</testName>
          <skipped>false</skipped>
          <failedSince>0</failedSince>
        </case>
        <case>
          <duration>7.9E-4</duration>
          <className>RPSNewModelFullCVPageClassTest</className>
          <testName>testSetContentSetsContentPropertyToString</testName>
          <skipped>false</skipped>
          <failedSince>0</failedSince>
        </case>
        <case>
          <duration>7.87E-4</duration>
          <className>RPSNewModelFullCVPageClassTest</className>
          <testName>testSetContentSetsContentPropertyToStringLongerThan3</testName>
          <skipped>false</skipped>
          <failedSince>0</failedSince>
        </case>
        <case>
          <duration>7.85E-4</duration>
          <className>RPSNewModelFullCVPageClassTest</className>
          <testName>testGetPageDataReturnsArray</testName>
          <skipped>false</skipped>
          <failedSince>0</failedSince>
        </case>
        <case>
          <duration>8.23E-4</duration>
          <className>RPSNewModelFullCVPageClassTest</className>
          <testName>testGetPageDataReturnsArrayOfCorrectStructure</testName>
          <skipped>false</skipped>
          <failedSince>0</failedSince>
        </case>
      </cases>
    </suite>
    <suite>
      <file>/var/lib/jenkins/jobs/Rock_Paper_Scissors_Drupal/workspace/build/reports/phpunit/junit/junit.xml</file>
      <name>RPSNewModelHiPageClassTest</name>
      <duration>0.010067</duration>
      <cases>
        <case>
          <duration>7.99E-4</duration>
          <className>RPSNewModelHiPageClassTest</className>
          <testName>testObjectInstantiation</testName>
          <skipped>false</skipped>
          <failedSince>0</failedSince>
        </case>
        <case>
          <duration>7.77E-4</duration>
          <className>RPSNewModelHiPageClassTest</className>
          <testName>testSetTitleSetsTitleProperty</testName>
          <skipped>false</skipped>
          <failedSince>0</failedSince>
        </case>
        <case>
          <duration>7.85E-4</duration>
          <className>RPSNewModelHiPageClassTest</className>
          <testName>testSetTitleSetsTitlePropertyToString</testName>
          <skipped>false</skipped>
          <failedSince>0</failedSince>
        </case>
        <case>
          <duration>7.83E-4</duration>
          <className>RPSNewModelHiPageClassTest</className>
          <testName>testSetTitleSetsTitlePropertyToStringOfCorrectValue</testName>
          <skipped>false</skipped>
          <failedSince>0</failedSince>
        </case>
        <case>
          <duration>7.84E-4</duration>
          <className>RPSNewModelHiPageClassTest</className>
          <testName>testSetSubTitleSetsSubTitleProperty</testName>
          <skipped>false</skipped>
          <failedSince>0</failedSince>
        </case>
        <case>
          <duration>8.06E-4</duration>
          <className>RPSNewModelHiPageClassTest</className>
          <testName>testSetSubTitleSetsSubTitlePropertyToString</testName>
          <skipped>false</skipped>
          <failedSince>0</failedSince>
        </case>
        <case>
          <duration>7.78E-4</duration>
          <className>RPSNewModelHiPageClassTest</className>
          <testName>testSetSubTitleSetsSubTitlePropertyToStringLongerThan3</testName>
          <skipped>false</skipped>
          <failedSince>0</failedSince>
        </case>
        <case>
          <duration>7.71E-4</duration>
          <className>RPSNewModelHiPageClassTest</className>
          <testName>testSetContentSetsContentProperty</testName>
          <skipped>false</skipped>
          <failedSince>0</failedSince>
        </case>
        <case>
          <duration>8.43E-4</duration>
          <className>RPSNewModelHiPageClassTest</className>
          <testName>testSetContentSetsContentPropertyToString</testName>
          <skipped>false</skipped>
          <failedSince>0</failedSince>
        </case>
        <case>
          <duration>0.00106</duration>
          <className>RPSNewModelHiPageClassTest</className>
          <testName>testSetContentSetsContentPropertyToStringLongerThan3</testName>
          <skipped>false</skipped>
          <failedSince>0</failedSince>
        </case>
        <case>
          <duration>9.39E-4</duration>
          <className>RPSNewModelHiPageClassTest</className>
          <testName>testGetPageDataReturnsArray</testName>
          <skipped>false</skipped>
          <failedSince>0</failedSince>
        </case>
        <case>
          <duration>9.42E-4</duration>
          <className>RPSNewModelHiPageClassTest</className>
          <testName>testGetPageDataReturnsArrayOfCorrectStructure</testName>
          <skipped>false</skipped>
          <failedSince>0</failedSince>
        </case>
      </cases>
    </suite>
    <suite>
      <file>/var/lib/jenkins/jobs/Rock_Paper_Scissors_Drupal/workspace/build/reports/phpunit/junit/junit.xml</file>
      <name>RPSNewModelJuicyCVPageeClassTest</name>
      <duration>0.009906</duration>
      <cases>
        <case>
          <duration>0.001164</duration>
          <className>RPSNewModelJuicyCVPageeClassTest</className>
          <testName>testObjectInstantiation</testName>
          <skipped>false</skipped>
          <failedSince>0</failedSince>
        </case>
        <case>
          <duration>7.7E-4</duration>
          <className>RPSNewModelJuicyCVPageeClassTest</className>
          <testName>testSetTitleSetsTitleProperty</testName>
          <skipped>false</skipped>
          <failedSince>0</failedSince>
        </case>
        <case>
          <duration>8.02E-4</duration>
          <className>RPSNewModelJuicyCVPageeClassTest</className>
          <testName>testSetTitleSetsTitlePropertyToString</testName>
          <skipped>false</skipped>
          <failedSince>0</failedSince>
        </case>
        <case>
          <duration>7.73E-4</duration>
          <className>RPSNewModelJuicyCVPageeClassTest</className>
          <testName>testSetTitleSetsTitlePropertyToStringOfCorrectValue</testName>
          <skipped>false</skipped>
          <failedSince>0</failedSince>
        </case>
        <case>
          <duration>7.79E-4</duration>
          <className>RPSNewModelJuicyCVPageeClassTest</className>
          <testName>testSetSubTitleSetsSubTitleProperty</testName>
          <skipped>false</skipped>
          <failedSince>0</failedSince>
        </case>
        <case>
          <duration>7.81E-4</duration>
          <className>RPSNewModelJuicyCVPageeClassTest</className>
          <testName>testSetSubTitleSetsSubTitlePropertyToString</testName>
          <skipped>false</skipped>
          <failedSince>0</failedSince>
        </case>
        <case>
          <duration>8.18E-4</duration>
          <className>RPSNewModelJuicyCVPageeClassTest</className>
          <testName>testSetSubTitleSetsSubTitlePropertyToStringLongerThan3</testName>
          <skipped>false</skipped>
          <failedSince>0</failedSince>
        </case>
        <case>
          <duration>8.03E-4</duration>
          <className>RPSNewModelJuicyCVPageeClassTest</className>
          <testName>testSetContentSetsContentProperty</testName>
          <skipped>false</skipped>
          <failedSince>0</failedSince>
        </case>
        <case>
          <duration>7.6E-4</duration>
          <className>RPSNewModelJuicyCVPageeClassTest</className>
          <testName>testSetContentSetsContentPropertyToString</testName>
          <skipped>false</skipped>
          <failedSince>0</failedSince>
        </case>
        <case>
          <duration>8.03E-4</duration>
          <className>RPSNewModelJuicyCVPageeClassTest</className>
          <testName>testSetContentSetsContentPropertyToStringLongerThan3</testName>
          <skipped>false</skipped>
          <failedSince>0</failedSince>
        </case>
        <case>
          <duration>8.37E-4</duration>
          <className>RPSNewModelJuicyCVPageeClassTest</className>
          <testName>testGetPageDataReturnsArray</testName>
          <skipped>false</skipped>
          <failedSince>0</failedSince>
        </case>
        <case>
          <duration>8.16E-4</duration>
          <className>RPSNewModelJuicyCVPageeClassTest</className>
          <testName>testGetPageDataReturnsArrayOfCorrectStructure</testName>
          <skipped>false</skipped>
          <failedSince>0</failedSince>
        </case>
      </cases>
    </suite>
  </suites>
  <duration>0.066681</duration>
  <keepLongStdio>false</keepLongStdio>
</result>