<?xml version='1.0' encoding='UTF-8'?>
<result>
  <suites>
    <suite>
      <file>/var/lib/jenkins/jobs/Rock_Paper_Scissors_Drupal/workspace/build/reports/phpunit/junit/junit.xml</file>
      <name>RPSNewControllerBaseClassTest</name>
      <duration>0.0065169996</duration>
      <cases>
        <case>
          <duration>0.002755</duration>
          <className>RPSNewControllerBaseClassTest</className>
          <testName>testControllerBaseInstantiates</testName>
          <skipped>false</skipped>
          <failedSince>0</failedSince>
        </case>
        <case>
          <duration>7.65E-4</duration>
          <className>RPSNewControllerBaseClassTest</className>
          <testName>testControllerBaseHasContentProperty</testName>
          <skipped>false</skipped>
          <failedSince>0</failedSince>
        </case>
        <case>
          <duration>0.001093</duration>
          <className>RPSNewControllerBaseClassTest</className>
          <testName>testControllerBaseHasContentPropertyWithEmptyArrayValueOnInstantiation</testName>
          <skipped>false</skipped>
          <failedSince>0</failedSince>
        </case>
        <case>
          <duration>0.001103</duration>
          <className>RPSNewControllerBaseClassTest</className>
          <testName>testControllerBaseSetsDrupalHelperPropertyWhenNoParamGiven</testName>
          <skipped>false</skipped>
          <failedSince>0</failedSince>
        </case>
        <case>
          <duration>8.01E-4</duration>
          <className>RPSNewControllerBaseClassTest</className>
          <testName>testControllerBaseSetsDrupalHelperPropertyToCorrectClassWhenNoParamGiven</testName>
          <skipped>false</skipped>
          <failedSince>0</failedSince>
        </case>
      </cases>
    </suite>
    <suite>
      <file>/var/lib/jenkins/jobs/Rock_Paper_Scissors_Drupal/workspace/build/reports/phpunit/junit/junit.xml</file>
      <name>RPSNewControllerGameClassTest</name>
      <duration>0.008212</duration>
      <cases>
        <case>
          <duration>0.001166</duration>
          <className>RPSNewControllerGameClassTest</className>
          <testName>testExecuteReturnsAValue</testName>
          <skipped>false</skipped>
          <failedSince>0</failedSince>
        </case>
        <case>
          <duration>7.72E-4</duration>
          <className>RPSNewControllerGameClassTest</className>
          <testName>testExecuteReturnsAnArray</testName>
          <skipped>false</skipped>
          <failedSince>0</failedSince>
        </case>
        <case>
          <duration>8.84E-4</duration>
          <className>RPSNewControllerGameClassTest</className>
          <testName>testExecuteReturnsAnArrayWithGameIntroViewWhenActionIsHome</testName>
          <skipped>false</skipped>
          <failedSince>0</failedSince>
        </case>
        <case>
          <duration>8.27E-4</duration>
          <className>RPSNewControllerGameClassTest</className>
          <testName>testExecuteReturnsAnArrayWithGameChoosePlayersViewWhenActionIsGameChoosePlayers</testName>
          <skipped>false</skipped>
          <failedSince>0</failedSince>
        </case>
        <case>
          <duration>8.18E-4</duration>
          <className>RPSNewControllerGameClassTest</className>
          <testName>testExecuteReturnsAnArrayWithGameIntroWhenActionIsNotHomeOrChoosePlayers</testName>
          <skipped>false</skipped>
          <failedSince>0</failedSince>
        </case>
        <case>
          <duration>8.73E-4</duration>
          <className>RPSNewControllerGameClassTest</className>
          <testName>testExecuteReturnsAnArrayWithGameCompleteWhenActionIsChoosePlayersAndRunIsSet</testName>
          <skipped>false</skipped>
          <failedSince>0</failedSince>
        </case>
        <case>
          <duration>7.71E-4</duration>
          <className>RPSNewControllerGameClassTest</className>
          <testName>testGetRandomPlayerChoiceReturnsValue</testName>
          <skipped>false</skipped>
          <failedSince>0</failedSince>
        </case>
        <case>
          <duration>8.97E-4</duration>
          <className>RPSNewControllerGameClassTest</className>
          <testName>testGetRandomPlayerChoiceReturnsValueOfCorrectType</testName>
          <skipped>false</skipped>
          <failedSince>0</failedSince>
        </case>
        <case>
          <duration>0.001204</duration>
          <className>RPSNewControllerGameClassTest</className>
          <testName>testCalculateWinner</testName>
          <skipped>false</skipped>
          <failedSince>0</failedSince>
        </case>
      </cases>
    </suite>
    <suite>
      <file>/var/lib/jenkins/jobs/Rock_Paper_Scissors_Drupal/workspace/build/reports/phpunit/junit/junit.xml</file>
      <name>RPSNewControllerPageClassTest</name>
      <duration>0.004256</duration>
      <cases>
        <case>
          <duration>0.001018</duration>
          <className>RPSNewControllerPageClassTest</className>
          <testName>testObjectInstantiation</testName>
          <skipped>false</skipped>
          <failedSince>0</failedSince>
        </case>
        <case>
          <duration>0.00142</duration>
          <className>RPSNewControllerPageClassTest</className>
          <testName>testExecuteReturnsAValue</testName>
          <skipped>false</skipped>
          <failedSince>0</failedSince>
        </case>
        <case>
          <duration>9.35E-4</duration>
          <className>RPSNewControllerPageClassTest</className>
          <testName>testExecuteReturnsAnArray</testName>
          <skipped>false</skipped>
          <failedSince>0</failedSince>
        </case>
        <case>
          <duration>8.83E-4</duration>
          <className>RPSNewControllerPageClassTest</className>
          <testName>testExecuteReturnsAnArrayWithStandardPageViewWhenActionIsHi</testName>
          <skipped>false</skipped>
          <failedSince>0</failedSince>
        </case>
      </cases>
    </suite>
    <suite>
      <file>/var/lib/jenkins/jobs/Rock_Paper_Scissors_Drupal/workspace/build/reports/phpunit/junit/junit.xml</file>
      <name>RPSNewCoreControlClassTest</name>
      <duration>0.001898</duration>
      <cases>
        <case>
          <duration>0.001094</duration>
          <className>RPSNewCoreControlClassTest</className>
          <testName>testexecuteControlReturnsAnArray</testName>
          <skipped>false</skipped>
          <failedSince>0</failedSince>
        </case>
        <case>
          <duration>8.04E-4</duration>
          <className>RPSNewCoreControlClassTest</className>
          <testName>testexecuteControlReturnsAnArrayOfCorrectStructure</testName>
          <skipped>false</skipped>
          <failedSince>0</failedSince>
        </case>
      </cases>
    </suite>
    <suite>
      <file>/var/lib/jenkins/jobs/Rock_Paper_Scissors_Drupal/workspace/build/reports/phpunit/junit/junit.xml</file>
      <name>RPSNewCoreDrupalHelperClassTest</name>
      <duration>0.001528</duration>
      <cases>
        <case>
          <duration>7.7E-4</duration>
          <className>RPSNewCoreDrupalHelperClassTest</className>
          <testName>testGetFuncWillExecuteALoadedFunction</testName>
          <skipped>false</skipped>
          <failedSince>0</failedSince>
        </case>
        <case>
          <duration>7.58E-4</duration>
          <className>RPSNewCoreDrupalHelperClassTest</className>
          <testName>testGetFuncWillExecuteALoadedFunctionAndReturnACorrectValue</testName>
          <skipped>false</skipped>
          <failedSince>0</failedSince>
        </case>
      </cases>
    </suite>
    <suite>
      <file>/var/lib/jenkins/jobs/Rock_Paper_Scissors_Drupal/workspace/build/reports/phpunit/junit/junit.xml</file>
      <name>RPSNewCoreRouterClassTest</name>
      <duration>0.012219</duration>
      <cases>
        <case>
          <duration>0.001185</duration>
          <className>RPSNewCoreRouterClassTest</className>
          <testName>testrouterObjectInstantiates</testName>
          <skipped>false</skipped>
          <failedSince>0</failedSince>
        </case>
        <case>
          <duration>7.85E-4</duration>
          <className>RPSNewCoreRouterClassTest</className>
          <testName>testrunReturnsAnArray</testName>
          <skipped>false</skipped>
          <failedSince>0</failedSince>
        </case>
        <case>
          <duration>7.68E-4</duration>
          <className>RPSNewCoreRouterClassTest</className>
          <testName>testrunReturnsAnArrayWithControlKey</testName>
          <skipped>false</skipped>
          <failedSince>0</failedSince>
        </case>
        <case>
          <duration>7.79E-4</duration>
          <className>RPSNewCoreRouterClassTest</className>
          <testName>testrunReturnsAnArrayWithActionKey</testName>
          <skipped>false</skipped>
          <failedSince>0</failedSince>
        </case>
        <case>
          <duration>8.37E-4</duration>
          <className>RPSNewCoreRouterClassTest</className>
          <testName>testrunReturnsAnArrayWithOnlyTwoKeys</testName>
          <skipped>false</skipped>
          <failedSince>0</failedSince>
        </case>
        <case>
          <duration>9.77E-4</duration>
          <className>RPSNewCoreRouterClassTest</className>
          <testName>testmodelRouteIsAnObjectOfClassModelRouter</testName>
          <skipped>false</skipped>
          <failedSince>0</failedSince>
        </case>
        <case>
          <duration>0.00116</duration>
          <className>RPSNewCoreRouterClassTest</className>
          <testName>testrouterObjectHasAttributes</testName>
          <skipped>false</skipped>
          <failedSince>0</failedSince>
        </case>
        <case>
          <duration>7.89E-4</duration>
          <className>RPSNewCoreRouterClassTest</className>
          <testName>testrouterObjectHasAvailableRoutesAttributeOfArrayType</testName>
          <skipped>false</skipped>
          <failedSince>0</failedSince>
        </case>
        <case>
          <duration>8.25E-4</duration>
          <className>RPSNewCoreRouterClassTest</className>
          <testName>testsetRouteControllerSetsDefaulControlWithHappyDefaultRequest</testName>
          <skipped>false</skipped>
          <failedSince>0</failedSince>
        </case>
        <case>
          <duration>7.9E-4</duration>
          <className>RPSNewCoreRouterClassTest</className>
          <testName>testsetRouteControllerSetsNonDefaultWithHappyNonDefaultRequest</testName>
          <skipped>false</skipped>
          <failedSince>0</failedSince>
        </case>
        <case>
          <duration>8.05E-4</duration>
          <className>RPSNewCoreRouterClassTest</className>
          <testName>testsetRouteControllerSetsDefaultWithSadRequest</testName>
          <skipped>false</skipped>
          <failedSince>0</failedSince>
        </case>
        <case>
          <duration>8.27E-4</duration>
          <className>RPSNewCoreRouterClassTest</className>
          <testName>testsetRouteActionSetsDefaulActionWithHappyDefaultRequest</testName>
          <skipped>false</skipped>
          <failedSince>0</failedSince>
        </case>
        <case>
          <duration>8.93E-4</duration>
          <className>RPSNewCoreRouterClassTest</className>
          <testName>testsetRouteActionSetsNonDefaultWithHappyNonDefaultRequest</testName>
          <skipped>false</skipped>
          <failedSince>0</failedSince>
        </case>
        <case>
          <duration>7.99E-4</duration>
          <className>RPSNewCoreRouterClassTest</className>
          <testName>testsetRouteActionSetsDefaultWithSadRequest</testName>
          <skipped>false</skipped>
          <failedSince>0</failedSince>
        </case>
      </cases>
    </suite>
    <suite>
      <file>/var/lib/jenkins/jobs/Rock_Paper_Scissors_Drupal/workspace/build/reports/phpunit/junit/junit.xml</file>
      <name>RPSNewCoreViewClassTest</name>
      <duration>0.001713</duration>
      <cases>
        <case>
          <duration>0.001713</duration>
          <className>RPSNewCoreViewClassTest</className>
          <testName>testexecuteViewRendersString</testName>
          <skipped>false</skipped>
          <failedSince>0</failedSince>
        </case>
      </cases>
    </suite>
    <suite>
      <file>/var/lib/jenkins/jobs/Rock_Paper_Scissors_Drupal/workspace/build/reports/phpunit/junit/junit.xml</file>
      <name>RPSNewModelFullCVPageClassTest</name>
      <duration>0.00989</duration>
      <cases>
        <case>
          <duration>0.001047</duration>
          <className>RPSNewModelFullCVPageClassTest</className>
          <testName>testObjectInstantiation</testName>
          <skipped>false</skipped>
          <failedSince>0</failedSince>
        </case>
        <case>
          <duration>7.93E-4</duration>
          <className>RPSNewModelFullCVPageClassTest</className>
          <testName>testSetTitleSetsTitleProperty</testName>
          <skipped>false</skipped>
          <failedSince>0</failedSince>
        </case>
        <case>
          <duration>8.33E-4</duration>
          <className>RPSNewModelFullCVPageClassTest</className>
          <testName>testSetTitleSetsTitlePropertyToString</testName>
          <skipped>false</skipped>
          <failedSince>0</failedSince>
        </case>
        <case>
          <duration>7.86E-4</duration>
          <className>RPSNewModelFullCVPageClassTest</className>
          <testName>testSetTitleSetsTitlePropertyToStringOfCorrectValue</testName>
          <skipped>false</skipped>
          <failedSince>0</failedSince>
        </case>
        <case>
          <duration>7.61E-4</duration>
          <className>RPSNewModelFullCVPageClassTest</className>
          <testName>testSetSubTitleSetsSubTitleProperty</testName>
          <skipped>false</skipped>
          <failedSince>0</failedSince>
        </case>
        <case>
          <duration>7.85E-4</duration>
          <className>RPSNewModelFullCVPageClassTest</className>
          <testName>testSetSubTitleSetsSubTitlePropertyToString</testName>
          <skipped>false</skipped>
          <failedSince>0</failedSince>
        </case>
        <case>
          <duration>8.66E-4</duration>
          <className>RPSNewModelFullCVPageClassTest</className>
          <testName>testSetSubTitleSetsSubTitlePropertyToStringLongerThan3</testName>
          <skipped>false</skipped>
          <failedSince>0</failedSince>
        </case>
        <case>
          <duration>7.79E-4</duration>
          <className>RPSNewModelFullCVPageClassTest</className>
          <testName>testSetContentSetsContentProperty</testName>
          <skipped>false</skipped>
          <failedSince>0</failedSince>
        </case>
        <case>
          <duration>7.77E-4</duration>
          <className>RPSNewModelFullCVPageClassTest</className>
          <testName>testSetContentSetsContentPropertyToString</testName>
          <skipped>false</skipped>
          <failedSince>0</failedSince>
        </case>
        <case>
          <duration>8.9E-4</duration>
          <className>RPSNewModelFullCVPageClassTest</className>
          <testName>testSetContentSetsContentPropertyToStringLongerThan3</testName>
          <skipped>false</skipped>
          <failedSince>0</failedSince>
        </case>
        <case>
          <duration>7.66E-4</duration>
          <className>RPSNewModelFullCVPageClassTest</className>
          <testName>testGetPageDataReturnsArray</testName>
          <skipped>false</skipped>
          <failedSince>0</failedSince>
        </case>
        <case>
          <duration>8.07E-4</duration>
          <className>RPSNewModelFullCVPageClassTest</className>
          <testName>testGetPageDataReturnsArrayOfCorrectStructure</testName>
          <skipped>false</skipped>
          <failedSince>0</failedSince>
        </case>
      </cases>
    </suite>
    <suite>
      <file>/var/lib/jenkins/jobs/Rock_Paper_Scissors_Drupal/workspace/build/reports/phpunit/junit/junit.xml</file>
      <name>RPSNewModelHiPageClassTest</name>
      <duration>0.009641999</duration>
      <cases>
        <case>
          <duration>7.92E-4</duration>
          <className>RPSNewModelHiPageClassTest</className>
          <testName>testObjectInstantiation</testName>
          <skipped>false</skipped>
          <failedSince>0</failedSince>
        </case>
        <case>
          <duration>8.06E-4</duration>
          <className>RPSNewModelHiPageClassTest</className>
          <testName>testSetTitleSetsTitleProperty</testName>
          <skipped>false</skipped>
          <failedSince>0</failedSince>
        </case>
        <case>
          <duration>7.98E-4</duration>
          <className>RPSNewModelHiPageClassTest</className>
          <testName>testSetTitleSetsTitlePropertyToString</testName>
          <skipped>false</skipped>
          <failedSince>0</failedSince>
        </case>
        <case>
          <duration>7.86E-4</duration>
          <className>RPSNewModelHiPageClassTest</className>
          <testName>testSetTitleSetsTitlePropertyToStringOfCorrectValue</testName>
          <skipped>false</skipped>
          <failedSince>0</failedSince>
        </case>
        <case>
          <duration>8.59E-4</duration>
          <className>RPSNewModelHiPageClassTest</className>
          <testName>testSetSubTitleSetsSubTitleProperty</testName>
          <skipped>false</skipped>
          <failedSince>0</failedSince>
        </case>
        <case>
          <duration>7.99E-4</duration>
          <className>RPSNewModelHiPageClassTest</className>
          <testName>testSetSubTitleSetsSubTitlePropertyToString</testName>
          <skipped>false</skipped>
          <failedSince>0</failedSince>
        </case>
        <case>
          <duration>7.73E-4</duration>
          <className>RPSNewModelHiPageClassTest</className>
          <testName>testSetSubTitleSetsSubTitlePropertyToStringLongerThan3</testName>
          <skipped>false</skipped>
          <failedSince>0</failedSince>
        </case>
        <case>
          <duration>8.27E-4</duration>
          <className>RPSNewModelHiPageClassTest</className>
          <testName>testSetContentSetsContentProperty</testName>
          <skipped>false</skipped>
          <failedSince>0</failedSince>
        </case>
        <case>
          <duration>7.67E-4</duration>
          <className>RPSNewModelHiPageClassTest</className>
          <testName>testSetContentSetsContentPropertyToString</testName>
          <skipped>false</skipped>
          <failedSince>0</failedSince>
        </case>
        <case>
          <duration>7.71E-4</duration>
          <className>RPSNewModelHiPageClassTest</className>
          <testName>testSetContentSetsContentPropertyToStringLongerThan3</testName>
          <skipped>false</skipped>
          <failedSince>0</failedSince>
        </case>
        <case>
          <duration>8.09E-4</duration>
          <className>RPSNewModelHiPageClassTest</className>
          <testName>testGetPageDataReturnsArray</testName>
          <skipped>false</skipped>
          <failedSince>0</failedSince>
        </case>
        <case>
          <duration>8.55E-4</duration>
          <className>RPSNewModelHiPageClassTest</className>
          <testName>testGetPageDataReturnsArrayOfCorrectStructure</testName>
          <skipped>false</skipped>
          <failedSince>0</failedSince>
        </case>
      </cases>
    </suite>
    <suite>
      <file>/var/lib/jenkins/jobs/Rock_Paper_Scissors_Drupal/workspace/build/reports/phpunit/junit/junit.xml</file>
      <name>RPSNewModelJuicyCVPageeClassTest</name>
      <duration>0.00981</duration>
      <cases>
        <case>
          <duration>0.001031</duration>
          <className>RPSNewModelJuicyCVPageeClassTest</className>
          <testName>testObjectInstantiation</testName>
          <skipped>false</skipped>
          <failedSince>0</failedSince>
        </case>
        <case>
          <duration>7.74E-4</duration>
          <className>RPSNewModelJuicyCVPageeClassTest</className>
          <testName>testSetTitleSetsTitleProperty</testName>
          <skipped>false</skipped>
          <failedSince>0</failedSince>
        </case>
        <case>
          <duration>8.66E-4</duration>
          <className>RPSNewModelJuicyCVPageeClassTest</className>
          <testName>testSetTitleSetsTitlePropertyToString</testName>
          <skipped>false</skipped>
          <failedSince>0</failedSince>
        </case>
        <case>
          <duration>7.76E-4</duration>
          <className>RPSNewModelJuicyCVPageeClassTest</className>
          <testName>testSetTitleSetsTitlePropertyToStringOfCorrectValue</testName>
          <skipped>false</skipped>
          <failedSince>0</failedSince>
        </case>
        <case>
          <duration>7.82E-4</duration>
          <className>RPSNewModelJuicyCVPageeClassTest</className>
          <testName>testSetSubTitleSetsSubTitleProperty</testName>
          <skipped>false</skipped>
          <failedSince>0</failedSince>
        </case>
        <case>
          <duration>8.42E-4</duration>
          <className>RPSNewModelJuicyCVPageeClassTest</className>
          <testName>testSetSubTitleSetsSubTitlePropertyToString</testName>
          <skipped>false</skipped>
          <failedSince>0</failedSince>
        </case>
        <case>
          <duration>8.17E-4</duration>
          <className>RPSNewModelJuicyCVPageeClassTest</className>
          <testName>testSetSubTitleSetsSubTitlePropertyToStringLongerThan3</testName>
          <skipped>false</skipped>
          <failedSince>0</failedSince>
        </case>
        <case>
          <duration>7.8E-4</duration>
          <className>RPSNewModelJuicyCVPageeClassTest</className>
          <testName>testSetContentSetsContentProperty</testName>
          <skipped>false</skipped>
          <failedSince>0</failedSince>
        </case>
        <case>
          <duration>7.8E-4</duration>
          <className>RPSNewModelJuicyCVPageeClassTest</className>
          <testName>testSetContentSetsContentPropertyToString</testName>
          <skipped>false</skipped>
          <failedSince>0</failedSince>
        </case>
        <case>
          <duration>7.77E-4</duration>
          <className>RPSNewModelJuicyCVPageeClassTest</className>
          <testName>testSetContentSetsContentPropertyToStringLongerThan3</testName>
          <skipped>false</skipped>
          <failedSince>0</failedSince>
        </case>
        <case>
          <duration>7.57E-4</duration>
          <className>RPSNewModelJuicyCVPageeClassTest</className>
          <testName>testGetPageDataReturnsArray</testName>
          <skipped>false</skipped>
          <failedSince>0</failedSince>
        </case>
        <case>
          <duration>8.28E-4</duration>
          <className>RPSNewModelJuicyCVPageeClassTest</className>
          <testName>testGetPageDataReturnsArrayOfCorrectStructure</testName>
          <skipped>false</skipped>
          <failedSince>0</failedSince>
        </case>
      </cases>
    </suite>
  </suites>
  <duration>0.065685004</duration>
  <keepLongStdio>false</keepLongStdio>
</result>